<?xml version="1.0" encoding="UTF-8"?>
<!-- Generated by org.testng.reporters.JUnitXMLReporter -->
<testsuite ignored="0" hostname="LAPTOP-P0V6S3OM" failures="0" tests="7" name="Default test" time="39.967" errors="0" timestamp="2021-06-05T17:47:35 IST">
  <testcase classname="com.sgtesting.assertion.Assign1" name="launchBrowser" time="1.912"/>
  <testcase classname="com.sgtesting.assertion.Assign1" name="navigate" time="7.935"/>
  <testcase classname="com.sgtesting.assertion.Assign1" name="login" time="6.218"/>
  <testcase classname="com.sgtesting.assertion.Assign1" name="createUser" time="12.214"/>
  <testcase classname="com.sgtesting.assertion.Assign1" name="deleteUser" time="9.287"/>
  <testcase classname="com.sgtesting.assertion.Assign1" name="logout" time="2.244"/>
  <testcase classname="com.sgtesting.assertion.Assign1" name="closeApplication" time="0.095"/>
</testsuite> <!-- Default test -->
