<?xml version="1.0" encoding="UTF-8"?>
<!-- Generated by org.testng.reporters.JUnitXMLReporter -->
<testsuite ignored="1" hostname="LAPTOP-P0V6S3OM" failures="0" tests="103" name="assignments" time="469.83" errors="0" timestamp="2021-06-03T23:40:48 IST">
  <testcase classname="com.sgtesting.log4jassign.ChromeAssign1" name="launchBrowser" time="1.781"/>
  <testcase classname="com.sgtesting.log4jassign.ChromeAssign1" name="navigate" time="4.443"/>
  <testcase classname="com.sgtesting.log4jassign.ChromeAssign1" name="login" time="2.164"/>
  <testcase classname="com.sgtesting.log4jassign.ChromeAssign1" name="createUser" time="11.906"/>
  <testcase classname="com.sgtesting.log4jassign.ChromeAssign1" name="deleteUser" time="7.13"/>
  <testcase classname="com.sgtesting.log4jassign.ChromeAssign1" name="logout" time="2.171"/>
  <testcase classname="com.sgtesting.log4jassign.ChromeAssign1" name="closeApplication" time="0.056"/>
  <testcase classname="com.sgtesting.log4jassign.ChromeAssign2" name="launchBrowser" time="1.3"/>
  <testcase classname="com.sgtesting.log4jassign.ChromeAssign2" name="navigate" time="5.216"/>
  <testcase classname="com.sgtesting.log4jassign.ChromeAssign2" name="login" time="2.25"/>
  <testcase classname="com.sgtesting.log4jassign.ChromeAssign2" name="createUser" time="14.083"/>
  <testcase classname="com.sgtesting.log4jassign.ChromeAssign2" name="modifyuser" time="8.275"/>
  <testcase classname="com.sgtesting.log4jassign.ChromeAssign2" name="deleteUser" time="7.246"/>
  <testcase classname="com.sgtesting.log4jassign.ChromeAssign2" name="logout" time="2.262"/>
  <testcase classname="com.sgtesting.log4jassign.ChromeAssign2" name="closeApplication" time="0.049"/>
  <testcase classname="com.sgtesting.log4jassign.ChromeAssign3" name="launchBrowser" time="1.469"/>
  <testcase classname="com.sgtesting.log4jassign.ChromeAssign3" name="navigate" time="4.287"/>
  <testcase classname="com.sgtesting.log4jassign.ChromeAssign3" name="login" time="2.148"/>
  <testcase classname="com.sgtesting.log4jassign.ChromeAssign3" name="createcustomer" time="11.634"/>
  <testcase classname="com.sgtesting.log4jassign.ChromeAssign3" name="deletecustomer" time="7.335"/>
  <testcase classname="com.sgtesting.log4jassign.ChromeAssign3" name="logout" time="4.223"/>
  <testcase classname="com.sgtesting.log4jassign.ChromeAssign3" name="closeApplication" time="0.075"/>
  <testcase classname="com.sgtesting.log4jassign.ChromeAssign4" name="launchBrowser" time="1.628"/>
  <testcase classname="com.sgtesting.log4jassign.ChromeAssign4" name="navigate" time="3.643"/>
  <testcase classname="com.sgtesting.log4jassign.ChromeAssign4" name="login" time="2.144"/>
  <testcase classname="com.sgtesting.log4jassign.ChromeAssign4" name="createcustomer" time="6.374"/>
  <testcase classname="com.sgtesting.log4jassign.ChromeAssign4" name="modifycustomer" time="3.388"/>
  <testcase classname="com.sgtesting.log4jassign.ChromeAssign4" name="deletecumstomer" time="4.364"/>
  <testcase classname="com.sgtesting.log4jassign.ChromeAssign4" name="logout" time="2.243"/>
  <testcase classname="com.sgtesting.log4jassign.ChromeAssign4" name="closeApplication" time="0.165"/>
  <testcase classname="com.sgtesting.log4jassign.ChromeAssign5" name="launchBrowser" time="1.459"/>
  <testcase classname="com.sgtesting.log4jassign.ChromeAssign5" name="navigate" time="5.229"/>
  <testcase classname="com.sgtesting.log4jassign.ChromeAssign5" name="login" time="2.158"/>
  <testcase classname="com.sgtesting.log4jassign.ChromeAssign5" name="createcustomer" time="8.944"/>
  <testcase classname="com.sgtesting.log4jassign.ChromeAssign5" name="createproject" time="7.395"/>
  <testcase classname="com.sgtesting.log4jassign.ChromeAssign5" name="deleteproject" time="4.429"/>
  <testcase classname="com.sgtesting.log4jassign.ChromeAssign5" name="deletecumstomer" time="4.369"/>
  <testcase classname="com.sgtesting.log4jassign.ChromeAssign5" name="logout" time="2.222"/>
  <testcase classname="com.sgtesting.log4jassign.ChromeAssign5" name="closeApplication" time="0.061"/>
  <testcase classname="com.sgtesting.log4jassign.ChromeAssign6" name="launchBrowser" time="1.378"/>
  <testcase classname="com.sgtesting.log4jassign.ChromeAssign6" name="navigate" time="4.567"/>
  <testcase classname="com.sgtesting.log4jassign.ChromeAssign6" name="login" time="4.153"/>
  <testcase classname="com.sgtesting.log4jassign.ChromeAssign6" name="createcustomer" time="12.717"/>
  <testcase classname="com.sgtesting.log4jassign.ChromeAssign6" name="createproject" time="10.407"/>
  <testcase classname="com.sgtesting.log4jassign.ChromeAssign6" name="modifyproject" time="6.266"/>
  <testcase classname="com.sgtesting.log4jassign.ChromeAssign6" name="deleteproject" time="8.422"/>
  <testcase classname="com.sgtesting.log4jassign.ChromeAssign6" name="deletecumstomer" time="5.424"/>
  <testcase classname="com.sgtesting.log4jassign.ChromeAssign6" name="logout" time="2.258"/>
  <testcase classname="com.sgtesting.log4jassign.ChromeAssign6" name="closeApplication" time="0.083"/>
  <testcase classname="com.sgtesting.log4jassign.ChromeAssign7" name="launchBrowser" time="1.265"/>
  <testcase classname="com.sgtesting.log4jassign.ChromeAssign7" name="navigate" time="3.325"/>
  <testcase classname="com.sgtesting.log4jassign.ChromeAssign7" name="login" time="2.147"/>
  <testcase classname="com.sgtesting.log4jassign.ChromeAssign7" name="createcustomer" time="8.538"/>
  <testcase classname="com.sgtesting.log4jassign.ChromeAssign7" name="createproject" time="7.234"/>
  <testcase classname="com.sgtesting.log4jassign.ChromeAssign7" name="createtask" time="4.191"/>
  <testcase classname="com.sgtesting.log4jassign.ChromeAssign7" name="deletetask" time="4.17"/>
  <testcase classname="com.sgtesting.log4jassign.ChromeAssign7" name="logout" time="2.165"/>
  <testcase classname="com.sgtesting.log4jassign.ChromeAssign7" name="closeApplication" time="0.048"/>
  <testcase classname="com.sgtesting.log4jassign.AdvanceAssign1" name="launchBrowser" time="1.206"/>
  <testcase classname="com.sgtesting.log4jassign.AdvanceAssign1" name="navigate" time="4.342"/>
  <testcase classname="com.sgtesting.log4jassign.AdvanceAssign1" name="login" time="2.199"/>
  <testcase classname="com.sgtesting.log4jassign.AdvanceAssign1" name="create3Users" time="18.983"/>
  <testcase classname="com.sgtesting.log4jassign.AdvanceAssign1" name="logout" time="2.193"/>
  <testcase classname="com.sgtesting.log4jassign.AdvanceAssign1" name="loginUser1" time="4.367"/>
  <testcase classname="com.sgtesting.log4jassign.AdvanceAssign1" name="logoutUser1" time="2.204"/>
  <testcase classname="com.sgtesting.log4jassign.AdvanceAssign1" name="loginUser2" time="4.316"/>
  <testcase classname="com.sgtesting.log4jassign.AdvanceAssign1" name="logoutUser2" time="2.167"/>
  <testcase classname="com.sgtesting.log4jassign.AdvanceAssign1" name="loginUser3" time="4.264"/>
  <testcase classname="com.sgtesting.log4jassign.AdvanceAssign1" name="logoutUser3" time="2.175"/>
  <testcase classname="com.sgtesting.log4jassign.AdvanceAssign1" name="loginAdmin" time="2.243"/>
  <testcase classname="com.sgtesting.log4jassign.AdvanceAssign1" name="delete3Users" time="23.846"/>
  <testcase classname="com.sgtesting.log4jassign.AdvanceAssign1" name="logoutAdmin" time="2.227"/>
  <testcase classname="com.sgtesting.log4jassign.AdvanceAssign1" name="closeApplication" time="0.083"/>
  <testcase classname="com.sgtesting.log4jassign.AdvanceAssign2" name="launchBrowser" time="1.485"/>
  <testcase classname="com.sgtesting.log4jassign.AdvanceAssign2" name="navigate" time="6.015"/>
  <testcase classname="com.sgtesting.log4jassign.AdvanceAssign2" name="login" time="2.145"/>
  <testcase classname="com.sgtesting.log4jassign.AdvanceAssign2" name="createUser1" time="11.976"/>
  <testcase classname="com.sgtesting.log4jassign.AdvanceAssign2" name="logout" time="2.186"/>
  <testcase classname="com.sgtesting.log4jassign.AdvanceAssign2" name="loginUser1" time="6.314"/>
  <testcase classname="com.sgtesting.log4jassign.AdvanceAssign2" name="createUser2" time="6.932"/>
  <testcase classname="com.sgtesting.log4jassign.AdvanceAssign2" name="logout8" time="2.259"/>
  <testcase classname="com.sgtesting.log4jassign.AdvanceAssign2" name="loginUser2" time="6.345"/>
  <testcase classname="com.sgtesting.log4jassign.AdvanceAssign2" name="createUser3" time="6.978"/>
  <testcase classname="com.sgtesting.log4jassign.AdvanceAssign2" name="logout11" time="2.203"/>
  <testcase classname="com.sgtesting.log4jassign.AdvanceAssign2" name="login12" time="2.182"/>
  <testcase classname="com.sgtesting.log4jassign.AdvanceAssign2" name="modifyUser1" time="11.571"/>
  <testcase classname="com.sgtesting.log4jassign.AdvanceAssign2" name="logout14" time="2.491"/>
  <testcase classname="com.sgtesting.log4jassign.AdvanceAssign2" name="loginmodifiedUser1" time="2.183"/>
  <testcase classname="com.sgtesting.log4jassign.AdvanceAssign2" name="modifyUser2" time="11.644"/>
  <testcase classname="com.sgtesting.log4jassign.AdvanceAssign2" name="logout17" time="2.181"/>
  <testcase classname="com.sgtesting.log4jassign.AdvanceAssign2" name="loginmodifiedUser2" time="2.16"/>
  <testcase classname="com.sgtesting.log4jassign.AdvanceAssign2" name="modifyUser3" time="11.689"/>
  <testcase classname="com.sgtesting.log4jassign.AdvanceAssign2" name="logout20" time="2.228"/>
  <testcase classname="com.sgtesting.log4jassign.AdvanceAssign2" name="loginmodifiedUser221" time="2.182"/>
  <testcase classname="com.sgtesting.log4jassign.AdvanceAssign2" name="deleteUser3" time="8.541"/>
  <testcase classname="com.sgtesting.log4jassign.AdvanceAssign2" name="logout23" time="2.178"/>
  <testcase classname="com.sgtesting.log4jassign.AdvanceAssign2" name="loginmodifiedUser124" time="2.181"/>
  <testcase classname="com.sgtesting.log4jassign.AdvanceAssign2" name="deleteUser2" time="8.488"/>
  <testcase classname="com.sgtesting.log4jassign.AdvanceAssign2" name="logout26" time="2.29"/>
  <testcase classname="com.sgtesting.log4jassign.AdvanceAssign2" name="login27" time="2.259"/>
  <testcase classname="com.sgtesting.log4jassign.AdvanceAssign2" name="deleteUser1" time="8.71"/>
  <testcase classname="com.sgtesting.log4jassign.AdvanceAssign2" name="logout29" time="2.207"/>
  <testcase classname="com.sgtesting.log4jassign.AdvanceAssign2" name="closeApplication" time="0.077"/>
  <testcase classname="com.sgtesting.log4jassign.ChromeAssign5" name="main1" time="0.0">
    <ignored/>
  </testcase> <!-- main1 -->
</testsuite> <!-- assignments -->
