<?xml version="1.0" encoding="UTF-8"?>
<!-- Generated by org.testng.reporters.JUnitXMLReporter -->
<testsuite ignored="1" hostname="LAPTOP-P0V6S3OM" failures="0" tests="103" name="AllAssign" time="465.771" errors="0" timestamp="2021-06-02T18:36:56 IST">
  <testcase classname="com.sgtesting.testngpack1.ChromeAssign1" name="launchBrowser" time="2.03"/>
  <testcase classname="com.sgtesting.testngpack1.ChromeAssign1" name="navigate" time="5.877"/>
  <testcase classname="com.sgtesting.testngpack1.ChromeAssign1" name="login" time="2.18"/>
  <testcase classname="com.sgtesting.testngpack1.ChromeAssign1" name="createUser" time="10.618"/>
  <testcase classname="com.sgtesting.testngpack1.ChromeAssign1" name="deleteUser" time="7.199"/>
  <testcase classname="com.sgtesting.testngpack1.ChromeAssign1" name="logout" time="2.183"/>
  <testcase classname="com.sgtesting.testngpack1.ChromeAssign1" name="closeApplication" time="0.086"/>
  <testcase classname="com.sgtesting.testngpack1.ChromeAssign2" name="launchBrowser" time="1.977"/>
  <testcase classname="com.sgtesting.testngpack1.ChromeAssign2" name="navigate" time="7.5"/>
  <testcase classname="com.sgtesting.testngpack1.ChromeAssign2" name="login" time="2.163"/>
  <testcase classname="com.sgtesting.testngpack1.ChromeAssign2" name="createUser" time="12.617"/>
  <testcase classname="com.sgtesting.testngpack1.ChromeAssign2" name="modifyuser" time="8.279"/>
  <testcase classname="com.sgtesting.testngpack1.ChromeAssign2" name="deleteUser" time="7.207"/>
  <testcase classname="com.sgtesting.testngpack1.ChromeAssign2" name="logout" time="2.229"/>
  <testcase classname="com.sgtesting.testngpack1.ChromeAssign2" name="closeApplication" time="0.092"/>
  <testcase classname="com.sgtesting.testngpack1.ChromeAssign3" name="launchBrowser" time="1.78"/>
  <testcase classname="com.sgtesting.testngpack1.ChromeAssign3" name="navigate" time="4.408"/>
  <testcase classname="com.sgtesting.testngpack1.ChromeAssign3" name="login" time="2.147"/>
  <testcase classname="com.sgtesting.testngpack1.ChromeAssign3" name="createcustomer" time="7.66"/>
  <testcase classname="com.sgtesting.testngpack1.ChromeAssign3" name="deletecustomer" time="7.336"/>
  <testcase classname="com.sgtesting.testngpack1.ChromeAssign3" name="logout" time="4.18"/>
  <testcase classname="com.sgtesting.testngpack1.ChromeAssign3" name="closeApplication" time="0.07"/>
  <testcase classname="com.sgtesting.testngpack1.ChromeAssign4" name="launchBrowser" time="1.299"/>
  <testcase classname="com.sgtesting.testngpack1.ChromeAssign4" name="navigate" time="6.481"/>
  <testcase classname="com.sgtesting.testngpack1.ChromeAssign4" name="login" time="2.153"/>
  <testcase classname="com.sgtesting.testngpack1.ChromeAssign4" name="createcustomer" time="7.673"/>
  <testcase classname="com.sgtesting.testngpack1.ChromeAssign4" name="modifycustomer" time="3.277"/>
  <testcase classname="com.sgtesting.testngpack1.ChromeAssign4" name="deletecumstomer" time="4.393"/>
  <testcase classname="com.sgtesting.testngpack1.ChromeAssign4" name="logout" time="2.224"/>
  <testcase classname="com.sgtesting.testngpack1.ChromeAssign4" name="closeApplication" time="0.079"/>
  <testcase classname="com.sgtesting.testngpack1.ChromeAssign5" name="launchBrowser" time="1.415"/>
  <testcase classname="com.sgtesting.testngpack1.ChromeAssign5" name="navigate" time="5.642"/>
  <testcase classname="com.sgtesting.testngpack1.ChromeAssign5" name="login" time="2.156"/>
  <testcase classname="com.sgtesting.testngpack1.ChromeAssign5" name="createcustomer" time="8.76"/>
  <testcase classname="com.sgtesting.testngpack1.ChromeAssign5" name="createproject" time="7.299"/>
  <testcase classname="com.sgtesting.testngpack1.ChromeAssign5" name="deleteproject" time="4.342"/>
  <testcase classname="com.sgtesting.testngpack1.ChromeAssign5" name="deletecumstomer" time="4.355"/>
  <testcase classname="com.sgtesting.testngpack1.ChromeAssign5" name="logout" time="2.211"/>
  <testcase classname="com.sgtesting.testngpack1.ChromeAssign5" name="closeApplication" time="0.066"/>
  <testcase classname="com.sgtesting.testngpack1.ChromeAssign6" name="launchBrowser" time="1.257"/>
  <testcase classname="com.sgtesting.testngpack1.ChromeAssign6" name="navigate" time="6.224"/>
  <testcase classname="com.sgtesting.testngpack1.ChromeAssign6" name="login" time="2.155"/>
  <testcase classname="com.sgtesting.testngpack1.ChromeAssign6" name="createcustomer" time="8.642"/>
  <testcase classname="com.sgtesting.testngpack1.ChromeAssign6" name="createproject" time="7.329"/>
  <testcase classname="com.sgtesting.testngpack1.ChromeAssign6" name="modifyproject" time="3.18"/>
  <testcase classname="com.sgtesting.testngpack1.ChromeAssign6" name="deleteproject" time="4.282"/>
  <testcase classname="com.sgtesting.testngpack1.ChromeAssign6" name="deletecumstomer" time="4.279"/>
  <testcase classname="com.sgtesting.testngpack1.ChromeAssign6" name="logout" time="2.198"/>
  <testcase classname="com.sgtesting.testngpack1.ChromeAssign6" name="closeApplication" time="0.07"/>
  <testcase classname="com.sgtesting.testngpack1.ChromeAssign7" name="launchBrowser" time="1.303"/>
  <testcase classname="com.sgtesting.testngpack1.ChromeAssign7" name="navigate" time="6.073"/>
  <testcase classname="com.sgtesting.testngpack1.ChromeAssign7" name="login" time="2.158"/>
  <testcase classname="com.sgtesting.testngpack1.ChromeAssign7" name="createcustomer" time="8.832"/>
  <testcase classname="com.sgtesting.testngpack1.ChromeAssign7" name="createproject" time="7.332"/>
  <testcase classname="com.sgtesting.testngpack1.ChromeAssign7" name="createtask" time="4.422"/>
  <testcase classname="com.sgtesting.testngpack1.ChromeAssign7" name="deletetask" time="4.407"/>
  <testcase classname="com.sgtesting.testngpack1.ChromeAssign7" name="logout" time="2.203"/>
  <testcase classname="com.sgtesting.testngpack1.ChromeAssign7" name="closeApplication" time="0.074"/>
  <testcase classname="com.sgtesting.testngpack1.AdvanceAssign1" name="launchBrowser" time="1.397"/>
  <testcase classname="com.sgtesting.testngpack1.AdvanceAssign1" name="navigate" time="5.4"/>
  <testcase classname="com.sgtesting.testngpack1.AdvanceAssign1" name="login" time="2.163"/>
  <testcase classname="com.sgtesting.testngpack1.AdvanceAssign1" name="create3Users" time="18.152"/>
  <testcase classname="com.sgtesting.testngpack1.AdvanceAssign1" name="logout" time="2.209"/>
  <testcase classname="com.sgtesting.testngpack1.AdvanceAssign1" name="loginUser1" time="10.668"/>
  <testcase classname="com.sgtesting.testngpack1.AdvanceAssign1" name="logoutUser1" time="2.797"/>
  <testcase classname="com.sgtesting.testngpack1.AdvanceAssign1" name="loginUser2" time="4.295"/>
  <testcase classname="com.sgtesting.testngpack1.AdvanceAssign1" name="logoutUser2" time="2.234"/>
  <testcase classname="com.sgtesting.testngpack1.AdvanceAssign1" name="loginUser3" time="4.36"/>
  <testcase classname="com.sgtesting.testngpack1.AdvanceAssign1" name="logoutUser3" time="2.176"/>
  <testcase classname="com.sgtesting.testngpack1.AdvanceAssign1" name="loginAdmin" time="2.181"/>
  <testcase classname="com.sgtesting.testngpack1.AdvanceAssign1" name="delete3Users" time="23.881"/>
  <testcase classname="com.sgtesting.testngpack1.AdvanceAssign1" name="logoutAdmin" time="2.348"/>
  <testcase classname="com.sgtesting.testngpack1.AdvanceAssign1" name="closeApplication" time="0.072"/>
  <testcase classname="com.sgtesting.testngpack1.AdvanceAssign2" name="launchBrowser" time="1.297"/>
  <testcase classname="com.sgtesting.testngpack1.AdvanceAssign2" name="navigate" time="6.455"/>
  <testcase classname="com.sgtesting.testngpack1.AdvanceAssign2" name="login" time="2.165"/>
  <testcase classname="com.sgtesting.testngpack1.AdvanceAssign2" name="createUser1" time="7.878"/>
  <testcase classname="com.sgtesting.testngpack1.AdvanceAssign2" name="logout" time="2.18"/>
  <testcase classname="com.sgtesting.testngpack1.AdvanceAssign2" name="loginUser1" time="7.81"/>
  <testcase classname="com.sgtesting.testngpack1.AdvanceAssign2" name="createUser2" time="6.963"/>
  <testcase classname="com.sgtesting.testngpack1.AdvanceAssign2" name="logout8" time="2.195"/>
  <testcase classname="com.sgtesting.testngpack1.AdvanceAssign2" name="loginUser2" time="6.392"/>
  <testcase classname="com.sgtesting.testngpack1.AdvanceAssign2" name="createUser3" time="7.276"/>
  <testcase classname="com.sgtesting.testngpack1.AdvanceAssign2" name="logout11" time="2.217"/>
  <testcase classname="com.sgtesting.testngpack1.AdvanceAssign2" name="login12" time="2.161"/>
  <testcase classname="com.sgtesting.testngpack1.AdvanceAssign2" name="modifyUser1" time="11.637"/>
  <testcase classname="com.sgtesting.testngpack1.AdvanceAssign2" name="logout14" time="2.204"/>
  <testcase classname="com.sgtesting.testngpack1.AdvanceAssign2" name="loginmodifiedUser1" time="2.303"/>
  <testcase classname="com.sgtesting.testngpack1.AdvanceAssign2" name="modifyUser2" time="11.694"/>
  <testcase classname="com.sgtesting.testngpack1.AdvanceAssign2" name="logout17" time="2.233"/>
  <testcase classname="com.sgtesting.testngpack1.AdvanceAssign2" name="loginmodifiedUser2" time="2.173"/>
  <testcase classname="com.sgtesting.testngpack1.AdvanceAssign2" name="modifyUser3" time="11.505"/>
  <testcase classname="com.sgtesting.testngpack1.AdvanceAssign2" name="logout20" time="2.164"/>
  <testcase classname="com.sgtesting.testngpack1.AdvanceAssign2" name="loginmodifiedUser221" time="2.123"/>
  <testcase classname="com.sgtesting.testngpack1.AdvanceAssign2" name="deleteUser3" time="8.437"/>
  <testcase classname="com.sgtesting.testngpack1.AdvanceAssign2" name="logout23" time="2.279"/>
  <testcase classname="com.sgtesting.testngpack1.AdvanceAssign2" name="loginmodifiedUser124" time="2.207"/>
  <testcase classname="com.sgtesting.testngpack1.AdvanceAssign2" name="deleteUser2" time="8.567"/>
  <testcase classname="com.sgtesting.testngpack1.AdvanceAssign2" name="logout26" time="2.296"/>
  <testcase classname="com.sgtesting.testngpack1.AdvanceAssign2" name="login27" time="2.232"/>
  <testcase classname="com.sgtesting.testngpack1.AdvanceAssign2" name="deleteUser1" time="8.997"/>
  <testcase classname="com.sgtesting.testngpack1.AdvanceAssign2" name="logout29" time="2.222"/>
  <testcase classname="com.sgtesting.testngpack1.AdvanceAssign2" name="closeApplication" time="0.839"/>
  <testcase classname="com.sgtesting.testngpack1.ChromeAssign5" name="main1" time="0.0">
    <ignored/>
  </testcase> <!-- main1 -->
</testsuite> <!-- AllAssign -->
