<?xml version="1.0" encoding="UTF-8"?>
<testng-results ignored="0" total="7" passed="7" failed="0" skipped="0">
  <reporter-output>
  </reporter-output>
  <suite started-at="2021-06-05T17:46:55 IST" name="Default suite" finished-at="2021-06-05T17:47:35 IST" duration-ms="39967">
    <groups>
    </groups>
    <test started-at="2021-06-05T17:46:55 IST" name="Default test" finished-at="2021-06-05T17:47:35 IST" duration-ms="39967">
      <class name="com.sgtesting.assertion.Assign1">
        <test-method signature="launchBrowser()[pri:1, instance:com.sgtesting.assertion.Assign1@5e600dd5]" started-at="2021-06-05T17:46:55 IST" name="launchBrowser" finished-at="2021-06-05T17:46:57 IST" duration-ms="1912" status="PASS">
          <reporter-output>
          </reporter-output>
        </test-method> <!-- launchBrowser -->
        <test-method signature="navigate()[pri:2, instance:com.sgtesting.assertion.Assign1@5e600dd5]" started-at="2021-06-05T17:46:57 IST" name="navigate" finished-at="2021-06-05T17:47:05 IST" duration-ms="7935" status="PASS">
          <reporter-output>
          </reporter-output>
        </test-method> <!-- navigate -->
        <test-method signature="login()[pri:3, instance:com.sgtesting.assertion.Assign1@5e600dd5]" started-at="2021-06-05T17:47:05 IST" name="login" finished-at="2021-06-05T17:47:11 IST" duration-ms="6218" status="PASS">
          <reporter-output>
          </reporter-output>
        </test-method> <!-- login -->
        <test-method signature="createUser()[pri:4, instance:com.sgtesting.assertion.Assign1@5e600dd5]" started-at="2021-06-05T17:47:11 IST" name="createUser" finished-at="2021-06-05T17:47:24 IST" duration-ms="12214" status="PASS">
          <reporter-output>
          </reporter-output>
        </test-method> <!-- createUser -->
        <test-method signature="deleteUser()[pri:5, instance:com.sgtesting.assertion.Assign1@5e600dd5]" started-at="2021-06-05T17:47:24 IST" name="deleteUser" finished-at="2021-06-05T17:47:33 IST" duration-ms="9287" status="PASS">
          <reporter-output>
          </reporter-output>
        </test-method> <!-- deleteUser -->
        <test-method signature="logout()[pri:6, instance:com.sgtesting.assertion.Assign1@5e600dd5]" started-at="2021-06-05T17:47:33 IST" name="logout" finished-at="2021-06-05T17:47:35 IST" duration-ms="2244" status="PASS">
          <reporter-output>
          </reporter-output>
        </test-method> <!-- logout -->
        <test-method signature="closeApplication()[pri:7, instance:com.sgtesting.assertion.Assign1@5e600dd5]" started-at="2021-06-05T17:47:35 IST" name="closeApplication" finished-at="2021-06-05T17:47:35 IST" duration-ms="95" status="PASS">
          <reporter-output>
          </reporter-output>
        </test-method> <!-- closeApplication -->
      </class> <!-- com.sgtesting.assertion.Assign1 -->
    </test> <!-- Default test -->
  </suite> <!-- Default suite -->
</testng-results>
